25-04-08 15:16:37.199 - INFO:   name: sr_ffhq
  phase: train
  gpu_ids: [0]
  path:[
    log: experiments\sr_ffhq_250408_151637\logs
    tb_logger: experiments\sr_ffhq_250408_151637\tb_logger
    results: experiments\sr_ffhq_250408_151637\results
    checkpoint: experiments\sr_ffhq_250408_151637\checkpoint
    resume_state: checkpoint/I500000_E93
    experiments_root: experiments\sr_ffhq_250408_151637
  ]
  datasets:[
    train:[
      name: FFHQ
      mode: HR
      dataroot: C:\texlive\train\train
      datatype: lmdb
      l_resolution: 64
      r_resolution: 64
      batch_size: 2
      num_workers: 0
      use_shuffle: True
      data_len: -1
    ]
    val:[
      name: CelebaHQ
      mode: LRHR
      dataroot: C:\texlive\test\test
      datatype: lmdb
      l_resolution: 64
      r_resolution: 64
      data_len: 3
    ]
  ]
  model:[
    which_model_G: sr3
    finetune_norm: False
    unet:[
      PreNet:[
        in_channel: 1
        out_channel: 1
        inner_channel: 64
        channel_multiplier: [1, 2, 3, 4]
        attn_res: []
        res_blocks: 3
        dropout: 0
      ]
      DenoiseNet:[
        in_channel: 2
        out_channel: 1
        inner_channel: 32
        channel_multiplier: [1, 2, 3, 4]
        attn_res: []
        res_blocks: 3
        dropout: 0
      ]
    ]
    beta_schedule:[
      train:[
        schedule: linear
        n_timestep: 2000
        linear_start: 1e-06
        linear_end: 0.01
      ]
      val:[
        schedule: linear
        n_timestep: 10
        linear_start: 1e-06
        linear_end: 0.5
      ]
    ]
    diffusion:[
      image_size: 128
      channels: 1
      conditional: True
    ]
  ]
  train:[
    n_iter: 600000
    val_freq: 10000.0
    save_checkpoint_freq: 20000.0
    print_freq: 200
    optimizer:[
      type: adam
      lr: 0.0001
    ]
    ema_scheduler:[
      step_start_ema: 5000
      update_ema_every: 1
      ema_decay: 0.9999
    ]
  ]
  wandb:[
    project: sr_ffhq
  ]
  distributed: False
  log_wandb_ckpt: False
  log_eval: False
  enable_wandb: False

25-04-08 15:16:37.495 - INFO: Dataset [LRHRDataset - FFHQ] is created.
25-04-08 15:16:37.510 - INFO: Dataset [LRHRDataset - CelebaHQ] is created.
25-04-08 15:16:37.510 - INFO: Initial Dataset Finished
25-04-08 15:16:37.678 - INFO: Initialization method [orthogonal]
25-04-08 15:16:39.538 - INFO: Initialization method [orthogonal]
25-04-08 15:16:39.882 - INFO: Initialization method [orthogonal]
25-04-08 15:16:39.902 - INFO: Initialization method [orthogonal]
25-04-08 15:16:39.923 - INFO: Initialization method [orthogonal]
25-04-08 15:16:39.949 - INFO: Initialization method [orthogonal]
25-04-08 15:16:39.970 - INFO: Initialization method [orthogonal]
25-04-08 15:16:39.990 - INFO: Initialization method [orthogonal]
25-04-08 15:16:39.999 - INFO: Loading pretrained model for PreNet [checkpoint/I500000_E93_PreNet_gen.pth] ...
25-04-08 15:16:40.230 - INFO: Loading pretrained model for DenoiseNet [checkpoint/I500000_E93_DenoiseNet_gen.pth] ...
25-04-08 15:16:40.377 - INFO: Loading pretrained model for guide_3D_1 [checkpoint/I500000_E93_guide_3D_1_gen.pth] ...
25-04-08 15:16:40.390 - INFO: Loading pretrained model for guide_3D_2 [checkpoint/I500000_E93_guide_3D_2_gen.pth] ...
25-04-08 15:16:40.401 - INFO: Loading pretrained model for guide_3D_3 [checkpoint/I500000_E93_guide_3D_3_gen.pth] ...
25-04-08 15:16:40.414 - INFO: Loading pretrained model for guide_spectrum_1 [checkpoint/I500000_E93_guide_spectrum_1_gen.pth] ...
25-04-08 15:16:40.427 - INFO: Loading pretrained model for guide_spectrum_2 [checkpoint/I500000_E93_guide_spectrum_2_gen.pth] ...
25-04-08 15:16:40.438 - INFO: Loading pretrained model for guide_spectrum_3 [checkpoint/I500000_E93_guide_spectrum_3_gen.pth] ...
25-04-08 15:16:40.453 - INFO: Model [DDPM] is created.
25-04-08 15:16:40.453 - INFO: Initial Model Finished
25-04-08 15:16:40.454 - INFO: Resuming training from epoch: 93, iter: 500000.
25-04-08 15:20:33.704 - INFO: <epoch: 94, iter: 500,200> l_total: 7.7260e-03 guide_loss: 1.0523e-04 
